<?xml version="1.0" encoding="UTF-8"?>
<!-- Generated by org.testng.reporters.JUnitXMLReporter -->
<testsuite hostname="--" name="TestNG Tests" tests="4" failures="0" timestamp="8 Nov 2020 16:23:53 GMT" time="0.074" errors="0">
  <testcase name="test1" time="0.016" classname="test.Test1"/>
  <testcase name="test10" time="0.003" classname="test.Test1"/>
  <testcase name="test11" time="0.004" classname="test.Test1"/>
  <testcase name="test12" time="0.003" classname="test.Test1"/>
</testsuite> <!-- TestNG Tests -->
